app/build/outputs/logs/manifest-merger-debug-report.txt
-- Merging decision tree log ---
manifest
ADDED from src\main\AndroidManifest.xml:1:1-166:12
INJECTED from src\main\AndroidManifest.xml:1:1-166:12
INJECTED from src\main\AndroidManifest.xml:1:1-166:12
INJECTED from src\main\AndroidManifest.xml:1:1-166:12
MERGED from [com.android.support:design:23.1.1] AndroidManifest.xml:17:1-24:12
MERGED from [com.mikepenz.materialdrawer:library:0.9.5] AndroidManifest.xml:2:1-12:12
MERGED from [com.android.support:appcompat-v7:23.1.1] AndroidManifest.xml:17:1-24:12
MERGED from [com.journeyapps:zxing-android-embedded:3.3.0] AndroidManifest.xml:17:1-55:12
MERGED from [com.android.support:cardview-v7:23.2.0] AndroidManifest.xml:17:1-24:12
MERGED from [com.android.support:recyclerview-v7:23.1.1] AndroidManifest.xml:17:1-22:12
MERGED from [com.android.support:support-v4:23.1.1] AndroidManifest.xml:17:1-24:12
MERGED from [com.mikepenz.iconics:library:0.7.3] AndroidManifest.xml:2:1-12:12
INJECTED from src\main\AndroidManifest.xml:1:1-166:12
INJECTED from src\main\AndroidManifest.xml:1:1-166:12
INJECTED from src\main\AndroidManifest.xml:1:1-166:12
	package
		ADDED from src\main\AndroidManifest.xml:2:5-37
		INJECTED from src\main\AndroidManifest.xml
		INJECTED from src\main\AndroidManifest.xml
	android:versionName
		ADDED from src\main\AndroidManifest.xml:4:5-30
		INJECTED from src\main\AndroidManifest.xml
		INJECTED from src\main\AndroidManifest.xml
	xmlns:android
		ADDED from src\main\AndroidManifest.xml:1:11-69
	android:versionCode
		ADDED from src\main\AndroidManifest.xml:3:5-28
		INJECTED from src\main\AndroidManifest.xml
		INJECTED from src\main\AndroidManifest.xml
uses-permission#android.permission.INTERNET
ADDED from src\main\AndroidManifest.xml:6:5-67
	android:name
		ADDED from src\main\AndroidManifest.xml:6:22-64
uses-permission#android.permission.ACCESS_NETWORK_STATE
ADDED from src\main\AndroidManifest.xml:7:5-79
	android:name
		ADDED from src\main\AndroidManifest.xml:7:22-76
uses-permission#android.permission.WRITE_EXTERNAL_STORAGE
ADDED from src\main\AndroidManifest.xml:8:5-80
	android:name
		ADDED from src\main\AndroidManifest.xml:8:22-78
uses-permission#android.permission.CAMERA
ADDED from src\main\AndroidManifest.xml:10:5-64
MERGED from [com.journeyapps:zxing-android-embedded:3.3.0] AndroidManifest.xml:21:5-65
MERGED from [com.journeyapps:zxing-android-embedded:3.3.0] AndroidManifest.xml:21:5-65
	android:name
		ADDED from src\main\AndroidManifest.xml:10:22-62
uses-feature#android.hardware.camera
ADDED from src\main\AndroidManifest.xml:11:5-60
MERGED from [com.journeyapps:zxing-android-embedded:3.3.0] AndroidManifest.xml:24:5-26:36
MERGED from [com.journeyapps:zxing-android-embedded:3.3.0] AndroidManifest.xml:24:5-26:36
	android:name
		ADDED from src\main\AndroidManifest.xml:11:19-57
application
ADDED from src\main\AndroidManifest.xml:15:5-164:19
MERGED from [com.android.support:design:23.1.1] AndroidManifest.xml:22:5-20
MERGED from [com.android.support:design:23.1.1] AndroidManifest.xml:22:5-20
MERGED from [com.android.support:appcompat-v7:23.1.1] AndroidManifest.xml:22:5-20
MERGED from [com.android.support:appcompat-v7:23.1.1] AndroidManifest.xml:22:5-20
MERGED from [com.journeyapps:zxing-android-embedded:3.3.0] AndroidManifest.xml:45:5-53:19
MERGED from [com.journeyapps:zxing-android-embedded:3.3.0] AndroidManifest.xml:45:5-53:19
MERGED from [com.android.support:cardview-v7:23.2.0] AndroidManifest.xml:22:5-20
MERGED from [com.android.support:cardview-v7:23.2.0] AndroidManifest.xml:22:5-20
MERGED from [com.android.support:support-v4:23.1.1] AndroidManifest.xml:22:5-20
MERGED from [com.android.support:support-v4:23.1.1] AndroidManifest.xml:22:5-20
	android:label
		ADDED from src\main\AndroidManifest.xml:19:9-41
	android:icon
		ADDED from src\main\AndroidManifest.xml:18:9-40
	android:allowBackup
		ADDED from src\main\AndroidManifest.xml:16:9-35
	android:theme
		ADDED from src\main\AndroidManifest.xml:20:9-40
	android:name
		ADDED from src\main\AndroidManifest.xml:17:9-44
activity#main.MainActivityOld
ADDED from src\main\AndroidManifest.xml:23:9-28:20
	android:label
		ADDED from src\main\AndroidManifest.xml:26:13-45
	android:windowSoftInputMode
		ADDED from src\main\AndroidManifest.xml:27:13-56
	android:configChanges
		ADDED from src\main\AndroidManifest.xml:25:13-90
	android:name
		ADDED from src\main\AndroidManifest.xml:24:13-48
activity#start.WellcomeActivity2
ADDED from src\main\AndroidManifest.xml:30:9-40:20
	android:label
		ADDED from src\main\AndroidManifest.xml:34:13-45
	android:windowSoftInputMode
		ADDED from src\main\AndroidManifest.xml:35:13-60
	android:configChanges
		ADDED from src\main\AndroidManifest.xml:33:13-74
	android:name
		ADDED from src\main\AndroidManifest.xml:31:13-51
activity#startactivity.MainActivity
ADDED from src\main\AndroidManifest.xml:42:9-54:20
	android:label
		ADDED from src\main\AndroidManifest.xml:45:13-45
	android:windowSoftInputMode
		ADDED from src\main\AndroidManifest.xml:46:13-56
	android:configChanges
		ADDED from src\main\AndroidManifest.xml:44:13-90
	android:name
		ADDED from src\main\AndroidManifest.xml:43:13-54
intent-filter#android.intent.action.MAIN+android.intent.category.LAUNCHER
ADDED from src\main\AndroidManifest.xml:48:13-52:29
action#android.intent.action.MAIN
ADDED from src\main\AndroidManifest.xml:49:17-69
	android:name
		ADDED from src\main\AndroidManifest.xml:49:25-66
category#android.intent.category.LAUNCHER
ADDED from src\main\AndroidManifest.xml:51:17-77
	android:name
		ADDED from src\main\AndroidManifest.xml:51:27-74
activity#newmainscanner.NewScannerActivity
ADDED from src\main\AndroidManifest.xml:56:9-64:20
	android:label
		ADDED from src\main\AndroidManifest.xml:60:13-45
	android:configChanges
		ADDED from src\main\AndroidManifest.xml:58:13-72
	android:theme
		ADDED from src\main\AndroidManifest.xml:59:13-57
	android:name
		ADDED from src\main\AndroidManifest.xml:57:13-61
activity#main.TreeGrpAndGoodsActivity
ADDED from src\main\AndroidManifest.xml:67:9-72:20
	android:label
		ADDED from src\main\AndroidManifest.xml:71:13-45
	android:windowSoftInputMode
		ADDED from src\main\AndroidManifest.xml:70:13-52
	android:configChanges
		ADDED from src\main\AndroidManifest.xml:69:13-72
	android:name
		ADDED from src\main\AndroidManifest.xml:68:13-56
activity#main.FragmentActivity
ADDED from src\main\AndroidManifest.xml:73:10-76:20
	android:label
		ADDED from src\main\AndroidManifest.xml:75:13-45
	android:name
		ADDED from src\main\AndroidManifest.xml:74:13-49
activity#main.SettingsActivity
ADDED from src\main\AndroidManifest.xml:77:9-82:20
	android:label
		ADDED from src\main\AndroidManifest.xml:80:13-45
	android:windowSoftInputMode
		ADDED from src\main\AndroidManifest.xml:81:13-60
	android:configChanges
		ADDED from src\main\AndroidManifest.xml:79:13-72
	android:name
		ADDED from src\main\AndroidManifest.xml:78:13-49
activity#docklist.DockListActivity
ADDED from src\main\AndroidManifest.xml:83:9-89:20
	android:label
		ADDED from src\main\AndroidManifest.xml:87:13-45
	android:windowSoftInputMode
		ADDED from src\main\AndroidManifest.xml:88:13-60
	android:configChanges
		ADDED from src\main\AndroidManifest.xml:86:13-72
	android:name
		ADDED from src\main\AndroidManifest.xml:84:13-53
activity#docklist.DockDetailsActivity
ADDED from src\main\AndroidManifest.xml:91:9-97:20
	android:label
		ADDED from src\main\AndroidManifest.xml:95:13-45
	android:windowSoftInputMode
		ADDED from src\main\AndroidManifest.xml:96:13-60
	android:configChanges
		ADDED from src\main\AndroidManifest.xml:94:13-72
	android:name
		ADDED from src\main\AndroidManifest.xml:92:13-56
activity#scanworkingactivity.ScanWorkingActivity
ADDED from src\main\AndroidManifest.xml:100:9-106:20
	android:label
		ADDED from src\main\AndroidManifest.xml:104:13-45
	android:windowSoftInputMode
		ADDED from src\main\AndroidManifest.xml:105:13-60
	android:configChanges
		ADDED from src\main\AndroidManifest.xml:103:13-72
	android:name
		ADDED from src\main\AndroidManifest.xml:101:13-67
activity#scanworkingactivity.ScanSettingsActivity
ADDED from src\main\AndroidManifest.xml:108:9-114:20
	android:label
		ADDED from src\main\AndroidManifest.xml:112:13-45
	android:configChanges
		ADDED from src\main\AndroidManifest.xml:110:13-72
	android:theme
		ADDED from src\main\AndroidManifest.xml:111:13-57
	android:name
		ADDED from src\main\AndroidManifest.xml:109:13-68
activity#devicesList.DevicesListActivity
ADDED from src\main\AndroidManifest.xml:116:9-121:20
	android:label
		ADDED from src\main\AndroidManifest.xml:119:13-45
	android:configChanges
		ADDED from src\main\AndroidManifest.xml:118:13-72
	android:name
		ADDED from src\main\AndroidManifest.xml:117:13-59
activity#main.OfflineModeActivity
ADDED from src\main\AndroidManifest.xml:123:9-128:20
	android:label
		ADDED from src\main\AndroidManifest.xml:126:13-45
	android:configChanges
		ADDED from src\main\AndroidManifest.xml:125:13-72
	android:name
		ADDED from src\main\AndroidManifest.xml:124:13-52
activity#startactivity.AboutAppActivity
ADDED from src\main\AndroidManifest.xml:130:9-135:20
	android:label
		ADDED from src\main\AndroidManifest.xml:133:13-45
	android:configChanges
		ADDED from src\main\AndroidManifest.xml:132:13-72
	android:name
		ADDED from src\main\AndroidManifest.xml:131:13-58
activity#start.WellcomeActivity
ADDED from src\main\AndroidManifest.xml:137:9-144:20
	android:label
		ADDED from src\main\AndroidManifest.xml:141:13-45
	android:configChanges
		ADDED from src\main\AndroidManifest.xml:140:13-74
	android:theme
		ADDED from src\main\AndroidManifest.xml:139:13-51
	android:name
		ADDED from src\main\AndroidManifest.xml:138:13-50
activity#excel.AndroidReadExcelActivity
ADDED from src\main\AndroidManifest.xml:152:9-155:20
	android:label
		ADDED from src\main\AndroidManifest.xml:153:13-45
	android:name
		ADDED from src\main\AndroidManifest.xml:152:19-64
activity#scanworkingactivity.TotalGoodsListActivity
ADDED from src\main\AndroidManifest.xml:158:9-161:20
	android:label
		ADDED from src\main\AndroidManifest.xml:159:13-45
	android:name
		ADDED from src\main\AndroidManifest.xml:158:19-76
uses-sdk
INJECTED from src\main\AndroidManifest.xml reason: use-sdk injection requested
INJECTED from src\main\AndroidManifest.xml
INJECTED from src\main\AndroidManifest.xml
MERGED from [com.android.support:design:23.1.1] AndroidManifest.xml:20:5-43
MERGED from [com.android.support:design:23.1.1] AndroidManifest.xml:20:5-43
MERGED from [com.mikepenz.materialdrawer:library:0.9.5] AndroidManifest.xml:8:5-10:41
MERGED from [com.mikepenz.materialdrawer:library:0.9.5] AndroidManifest.xml:8:5-10:41
MERGED from [com.android.support:appcompat-v7:23.1.1] AndroidManifest.xml:20:5-43
MERGED from [com.android.support:appcompat-v7:23.1.1] AndroidManifest.xml:20:5-43
MERGED from [com.journeyapps:zxing-android-embedded:3.3.0] AndroidManifest.xml:19:5-43
MERGED from [com.journeyapps:zxing-android-embedded:3.3.0] AndroidManifest.xml:19:5-43
MERGED from [com.android.support:cardview-v7:23.2.0] AndroidManifest.xml:20:5-43
MERGED from [com.android.support:cardview-v7:23.2.0] AndroidManifest.xml:20:5-43
MERGED from [com.android.support:recyclerview-v7:23.1.1] AndroidManifest.xml:20:5-43
MERGED from [com.android.support:recyclerview-v7:23.1.1] AndroidManifest.xml:20:5-43
MERGED from [com.android.support:support-v4:23.1.1] AndroidManifest.xml:20:5-43
MERGED from [com.android.support:support-v4:23.1.1] AndroidManifest.xml:20:5-43
MERGED from [com.mikepenz.iconics:library:0.7.3] AndroidManifest.xml:8:5-10:41
MERGED from [com.mikepenz.iconics:library:0.7.3] AndroidManifest.xml:8:5-10:41
INJECTED from src\main\AndroidManifest.xml
INJECTED from src\main\AndroidManifest.xml
	android:targetSdkVersion
		INJECTED from src\main\AndroidManifest.xml
		ADDED from src\main\AndroidManifest.xml
		INJECTED from src\main\AndroidManifest.xml
	android:minSdkVersion
		INJECTED from src\main\AndroidManifest.xml
		ADDED from src\main\AndroidManifest.xml
		INJECTED from src\main\AndroidManifest.xml
uses-feature#android.hardware.camera.front
ADDED from [com.journeyapps:zxing-android-embedded:3.3.0] AndroidManifest.xml:27:5-29:36
	android:required
		ADDED from [com.journeyapps:zxing-android-embedded:3.3.0] AndroidManifest.xml:29:9-33
	android:name
		ADDED from [com.journeyapps:zxing-android-embedded:3.3.0] AndroidManifest.xml:28:9-53
uses-feature#android.hardware.camera.autofocus
ADDED from [com.journeyapps:zxing-android-embedded:3.3.0] AndroidManifest.xml:32:5-34:36
	android:required
		ADDED from [com.journeyapps:zxing-android-embedded:3.3.0] AndroidManifest.xml:34:9-33
	android:name
		ADDED from [com.journeyapps:zxing-android-embedded:3.3.0] AndroidManifest.xml:33:9-57
uses-feature#android.hardware.camera.flash
ADDED from [com.journeyapps:zxing-android-embedded:3.3.0] AndroidManifest.xml:35:5-37:36
	android:required
		ADDED from [com.journeyapps:zxing-android-embedded:3.3.0] AndroidManifest.xml:37:9-33
	android:name
		ADDED from [com.journeyapps:zxing-android-embedded:3.3.0] AndroidManifest.xml:36:9-53
uses-feature#android.hardware.screen.landscape
ADDED from [com.journeyapps:zxing-android-embedded:3.3.0] AndroidManifest.xml:38:5-40:36
	android:required
		ADDED from [com.journeyapps:zxing-android-embedded:3.3.0] AndroidManifest.xml:40:9-33
	android:name
		ADDED from [com.journeyapps:zxing-android-embedded:3.3.0] AndroidManifest.xml:39:9-57
uses-feature#android.hardware.wifi
ADDED from [com.journeyapps:zxing-android-embedded:3.3.0] AndroidManifest.xml:41:5-43:36
	android:required
		ADDED from [com.journeyapps:zxing-android-embedded:3.3.0] AndroidManifest.xml:43:9-33
	android:name
		ADDED from [com.journeyapps:zxing-android-embedded:3.3.0] AndroidManifest.xml:42:9-45
activity#com.journeyapps.barcodescanner.CaptureActivity
ADDED from [com.journeyapps:zxing-android-embedded:3.3.0] AndroidManifest.xml:46:9-52:63
	android:screenOrientation
		ADDED from [com.journeyapps:zxing-android-embedded:3.3.0] AndroidManifest.xml:49:13-56
	android:clearTaskOnLaunch
		ADDED from [com.journeyapps:zxing-android-embedded:3.3.0] AndroidManifest.xml:48:13-45
	android:stateNotNeeded
		ADDED from [com.journeyapps:zxing-android-embedded:3.3.0] AndroidManifest.xml:50:13-42
	android:windowSoftInputMode
		ADDED from [com.journeyapps:zxing-android-embedded:3.3.0] AndroidManifest.xml:52:13-60
	android:theme
		ADDED from [com.journeyapps:zxing-android-embedded:3.3.0] AndroidManifest.xml:51:13-54
	android:name
		ADDED from [com.journeyapps:zxing-android-embedded:3.3.0] AndroidManifest.xml:47:13-74